<?xml version="1.0" encoding="UTF-8"?>
<!-- Generated by org.testng.reporters.JUnitReportReporter -->
<testsuite hostname="DESKTOP-M38HEA9" failures="0" tests="1" name="org.test.Automation" time="12.134" errors="0" timestamp="20 Nov 2024 13:23:25 GMT" skipped="0">
  <testcase classname="org.test.Automation" name="Test" time="12.134"/>
</testsuite> <!-- org.test.Automation -->
