<?xml version="1.0" encoding="UTF-8"?>
<!-- Generated by org.testng.reporters.JUnitReportReporter -->
<testsuite hostname="DESKTOP-M38HEA9" failures="0" tests="2" name="org.test.Sampletest3" time="0.016" errors="0" timestamp="16 Nov 2024 14:03:17 GMT" skipped="0">
  <testcase classname="org.test.Sampletest3" name="test1" time="0.002"/>
  <testcase classname="org.test.Sampletest3" name="test" time="0.014"/>
</testsuite> <!-- org.test.Sampletest3 -->
