<?xml version="1.0" encoding="UTF-8"?>
<!-- Generated by org.testng.reporters.JUnitReportReporter -->
<testsuite hostname="DESKTOP-M38HEA9" failures="0" tests="1" name="org.test.TestSample" time="14.435" errors="0" timestamp="22 Nov 2024 15:28:19 GMT" skipped="0">
  <testcase classname="org.test.TestSample" name="test1" time="14.435"/>
</testsuite> <!-- org.test.TestSample -->
