<?xml version="1.0" encoding="UTF-8"?>
<!-- Generated by org.testng.reporters.JUnitReportReporter -->
<testsuite hostname="DESKTOP-M38HEA9" failures="0" tests="1" name="org.test.TestSample" time="9.373" errors="0" timestamp="15 Nov 2024 14:56:39 GMT" skipped="0">
  <testcase classname="org.test.TestSample" name="test1" time="9.373"/>
</testsuite> <!-- org.test.TestSample -->
