<?xml version="1.0" encoding="UTF-8"?>
<!-- Generated by org.testng.reporters.JUnitReportReporter -->
<testsuite hostname="DESKTOP-M38HEA9" failures="0" tests="2" name="org.test.Sampletest2" time="16.425" errors="0" timestamp="16 Nov 2024 08:50:50 GMT" skipped="0">
  <testcase classname="org.test.Sampletest2" name="testbb" time="8.834"/>
  <testcase classname="org.test.Sampletest2" name="testb" time="7.591"/>
</testsuite> <!-- org.test.Sampletest2 -->
