<?xml version="1.0" encoding="UTF-8"?>
<!-- Generated by org.testng.reporters.JUnitReportReporter -->
<testsuite hostname="DESKTOP-M38HEA9" failures="0" tests="1" name="org.test.Sampletest3" time="0.424" errors="0" timestamp="25 Nov 2024 07:55:26 GMT" skipped="0">
  <testcase classname="org.test.Sampletest3" name="test1" time="0.424"/>
</testsuite> <!-- org.test.Sampletest3 -->
