<?xml version="1.0" encoding="UTF-8"?>
<!-- Generated by org.testng.reporters.JUnitReportReporter -->
<testsuite hostname="DESKTOP-M38HEA9" failures="0" tests="1" name="org.test.Sampletest" time="0.001" errors="0" timestamp="14 Nov 2024 07:20:49 GMT" skipped="0">
  <testcase classname="org.test.Sampletest" name="test" time="0.001"/>
</testsuite> <!-- org.test.Sampletest -->
